The system is: Linux - sh: 0: getcwd() failed: No such file or directory
5.4.0-67-generic - sh: 0: getcwd() failed: No such file or directory
x86_64
Determining if the C compiler works passed with the following output:
Change Dir: /home/arihant/ws/cpp_ws/src/graph_algorithms/build/CMakeFiles/CMakeTmp

Run Build Command:"/usr/bin/make" "cmTC_4b1e6/fast"
/usr/bin/make -f CMakeFiles/cmTC_4b1e6.dir/build.make CMakeFiles/cmTC_4b1e6.dir/build
make[1]: Entering directory '/home/arihant/ws/cpp_ws/src/graph_algorithms/build/CMakeFiles/CMakeTmp'
Building C object CMakeFiles/cmTC_4b1e6.dir/testCCompiler.c.o
/usr/bin/gcc-10    -o CMakeFiles/cmTC_4b1e6.dir/testCCompiler.c.o   -c /home/arihant/ws/cpp_ws/src/graph_algorithms/build/CMakeFiles/CMakeTmp/testCCompiler.c
Linking C executable cmTC_4b1e6
/usr/bin/cmake -E cmake_link_script CMakeFiles/cmTC_4b1e6.dir/link.txt --verbose=1
/usr/bin/gcc-10      CMakeFiles/cmTC_4b1e6.dir/testCCompiler.c.o  -o cmTC_4b1e6 
make[1]: Leaving directory '/home/arihant/ws/cpp_ws/src/graph_algorithms/build/CMakeFiles/CMakeTmp'


Detecting C compiler ABI info compiled with the following output:
Change Dir: /home/arihant/ws/cpp_ws/src/graph_algorithms/build/CMakeFiles/CMakeTmp

Run Build Command:"/usr/bin/make" "cmTC_5df38/fast"
/usr/bin/make -f CMakeFiles/cmTC_5df38.dir/build.make CMakeFiles/cmTC_5df38.dir/build
make[1]: Entering directory '/home/arihant/ws/cpp_ws/src/graph_algorithms/build/CMakeFiles/CMakeTmp'
Building C object CMakeFiles/cmTC_5df38.dir/CMakeCCompilerABI.c.o
/usr/bin/gcc-10    -o CMakeFiles/cmTC_5df38.dir/CMakeCCompilerABI.c.o   -c /usr/share/cmake-3.10/Modules/CMakeCCompilerABI.c
Linking C executable cmTC_5df38
/usr/bin/cmake -E cmake_link_script CMakeFiles/cmTC_5df38.dir/link.txt --verbose=1
/usr/bin/gcc-10      CMakeFiles/cmTC_5df38.dir/CMakeCCompilerABI.c.o  -o cmTC_5df38 
make[1]: Leaving directory '/home/arihant/ws/cpp_ws/src/graph_algorithms/build/CMakeFiles/CMakeTmp'


Determining if the CXX compiler works passed with the following output:
Change Dir: /home/arihant/ws/cpp_ws/src/graph_algorithms/build/CMakeFiles/CMakeTmp

Run Build Command:"/usr/bin/make" "cmTC_2d337/fast"
/usr/bin/make -f CMakeFiles/cmTC_2d337.dir/build.make CMakeFiles/cmTC_2d337.dir/build
make[1]: Entering directory '/home/arihant/ws/cpp_ws/src/graph_algorithms/build/CMakeFiles/CMakeTmp'
Building CXX object CMakeFiles/cmTC_2d337.dir/testCXXCompiler.cxx.o
/usr/bin/g++-10     -o CMakeFiles/cmTC_2d337.dir/testCXXCompiler.cxx.o -c /home/arihant/ws/cpp_ws/src/graph_algorithms/build/CMakeFiles/CMakeTmp/testCXXCompiler.cxx
Linking CXX executable cmTC_2d337
/usr/bin/cmake -E cmake_link_script CMakeFiles/cmTC_2d337.dir/link.txt --verbose=1
/usr/bin/g++-10       CMakeFiles/cmTC_2d337.dir/testCXXCompiler.cxx.o  -o cmTC_2d337 
make[1]: Leaving directory '/home/arihant/ws/cpp_ws/src/graph_algorithms/build/CMakeFiles/CMakeTmp'


Detecting CXX compiler ABI info compiled with the following output:
Change Dir: /home/arihant/ws/cpp_ws/src/graph_algorithms/build/CMakeFiles/CMakeTmp

Run Build Command:"/usr/bin/make" "cmTC_a3d04/fast"
/usr/bin/make -f CMakeFiles/cmTC_a3d04.dir/build.make CMakeFiles/cmTC_a3d04.dir/build
make[1]: Entering directory '/home/arihant/ws/cpp_ws/src/graph_algorithms/build/CMakeFiles/CMakeTmp'
Building CXX object CMakeFiles/cmTC_a3d04.dir/CMakeCXXCompilerABI.cpp.o
/usr/bin/g++-10     -o CMakeFiles/cmTC_a3d04.dir/CMakeCXXCompilerABI.cpp.o -c /usr/share/cmake-3.10/Modules/CMakeCXXCompilerABI.cpp
Linking CXX executable cmTC_a3d04
/usr/bin/cmake -E cmake_link_script CMakeFiles/cmTC_a3d04.dir/link.txt --verbose=1
/usr/bin/g++-10       CMakeFiles/cmTC_a3d04.dir/CMakeCXXCompilerABI.cpp.o  -o cmTC_a3d04 
make[1]: Leaving directory '/home/arihant/ws/cpp_ws/src/graph_algorithms/build/CMakeFiles/CMakeTmp'


Determining if the include file pthread.h exists passed with the following output:
Change Dir: /home/arihant/ws/cpp_ws/src/graph_algorithms/build/CMakeFiles/CMakeTmp

Run Build Command:"/usr/bin/make" "cmTC_6a561/fast"
/usr/bin/make -f CMakeFiles/cmTC_6a561.dir/build.make CMakeFiles/cmTC_6a561.dir/build
make[1]: Entering directory '/home/arihant/ws/cpp_ws/src/graph_algorithms/build/CMakeFiles/CMakeTmp'
Building C object CMakeFiles/cmTC_6a561.dir/CheckIncludeFile.c.o
/usr/bin/gcc-10    -o CMakeFiles/cmTC_6a561.dir/CheckIncludeFile.c.o   -c /home/arihant/ws/cpp_ws/src/graph_algorithms/build/CMakeFiles/CMakeTmp/CheckIncludeFile.c
Linking C executable cmTC_6a561
/usr/bin/cmake -E cmake_link_script CMakeFiles/cmTC_6a561.dir/link.txt --verbose=1
/usr/bin/gcc-10      CMakeFiles/cmTC_6a561.dir/CheckIncludeFile.c.o  -o cmTC_6a561 
make[1]: Leaving directory '/home/arihant/ws/cpp_ws/src/graph_algorithms/build/CMakeFiles/CMakeTmp'


Determining if the function pthread_create exists in the pthread passed with the following output:
Change Dir: /home/arihant/ws/cpp_ws/src/graph_algorithms/build/CMakeFiles/CMakeTmp

Run Build Command:"/usr/bin/make" "cmTC_7dd15/fast"
/usr/bin/make -f CMakeFiles/cmTC_7dd15.dir/build.make CMakeFiles/cmTC_7dd15.dir/build
make[1]: Entering directory '/home/arihant/ws/cpp_ws/src/graph_algorithms/build/CMakeFiles/CMakeTmp'
Building C object CMakeFiles/cmTC_7dd15.dir/CheckFunctionExists.c.o
/usr/bin/gcc-10   -DCHECK_FUNCTION_EXISTS=pthread_create   -o CMakeFiles/cmTC_7dd15.dir/CheckFunctionExists.c.o   -c /usr/share/cmake-3.10/Modules/CheckFunctionExists.c
Linking C executable cmTC_7dd15
/usr/bin/cmake -E cmake_link_script CMakeFiles/cmTC_7dd15.dir/link.txt --verbose=1
/usr/bin/gcc-10  -DCHECK_FUNCTION_EXISTS=pthread_create    CMakeFiles/cmTC_7dd15.dir/CheckFunctionExists.c.o  -o cmTC_7dd15 -lpthread 
make[1]: Leaving directory '/home/arihant/ws/cpp_ws/src/graph_algorithms/build/CMakeFiles/CMakeTmp'


